<?xml version="1.0" encoding="UTF-8"?>
<coverage generated="1561364336714" clover="3.2.0">
  <project timestamp="1561364336714" name="All files">
    <metrics statements="52" coveredstatements="52" conditionals="14" coveredconditionals="14" methods="16" coveredmethods="16" elements="82" coveredelements="82" complexity="0" loc="52" ncloc="52" packages="1" files="1" classes="1"/>
    <file name="index.ts" path="/Users/yuanqiu.li/personal/final-state/packages/final-state.tsdx/src/index.ts">
      <metrics statements="52" coveredstatements="52" conditionals="14" coveredconditionals="14" methods="16" coveredmethods="16"/>
      <line num="2" count="1" type="stmt"/>
      <line num="74" count="1" type="stmt"/>
      <line num="89" count="11" type="stmt"/>
      <line num="101" count="11" type="stmt"/>
      <line num="111" count="12" type="cond" truecount="2" falsecount="0"/>
      <line num="113" count="11" type="stmt"/>
      <line num="114" count="11" type="stmt"/>
      <line num="115" count="11" type="stmt"/>
      <line num="121" count="1" type="stmt"/>
      <line num="122" count="20" type="stmt"/>
      <line num="130" count="1" type="stmt"/>
      <line num="131" count="1" type="stmt"/>
      <line num="162" count="30" type="stmt"/>
      <line num="166" count="30" type="stmt"/>
      <line num="167" count="30" type="cond" truecount="2" falsecount="0"/>
      <line num="168" count="27" type="stmt"/>
      <line num="169" count="27" type="cond" truecount="2" falsecount="0"/>
      <line num="170" count="1" type="stmt"/>
      <line num="171" count="1" type="stmt"/>
      <line num="173" count="26" type="stmt"/>
      <line num="174" count="26" type="cond" truecount="2" falsecount="0"/>
      <line num="175" count="5" type="stmt"/>
      <line num="176" count="5" type="stmt"/>
      <line num="178" count="5" type="cond" truecount="2" falsecount="0"/>
      <line num="179" count="4" type="stmt"/>
      <line num="180" count="3" type="stmt"/>
      <line num="181" count="1" type="stmt"/>
      <line num="183" count="1" type="stmt"/>
      <line num="188" count="21" type="stmt"/>
      <line num="189" count="21" type="stmt"/>
      <line num="190" count="21" type="stmt"/>
      <line num="192" count="21" type="stmt"/>
      <line num="193" count="21" type="stmt"/>
      <line num="196" count="3" type="stmt"/>
      <line num="197" count="3" type="stmt"/>
      <line num="199" count="3" type="stmt"/>
      <line num="200" count="3" type="stmt"/>
      <line num="211" count="1" type="stmt"/>
      <line num="213" count="24" type="cond" truecount="2" falsecount="0"/>
      <line num="214" count="22" type="stmt"/>
      <line num="215" count="22" type="stmt"/>
      <line num="216" count="22" type="stmt"/>
      <line num="227" count="5" type="stmt"/>
      <line num="228" count="5" type="stmt"/>
      <line num="229" count="5" type="stmt"/>
      <line num="236" count="1" type="stmt"/>
      <line num="237" count="4" type="stmt"/>
      <line num="238" count="4" type="cond" truecount="2" falsecount="0"/>
      <line num="239" count="2" type="stmt"/>
      <line num="242" count="1" type="stmt"/>
      <line num="244" count="1" type="stmt"/>
      <line num="249" count="11" type="stmt"/>
    </file>
  </project>
</coverage>
