{"/Users/yuanqiu.li/personal/final-state/packages/final-state.tsdx/src/index.ts": {"path":"/Users/yuanqiu.li/personal/final-state/packages/final-state.tsdx/src/index.ts","statementMap":{"0":{"start":{"line":2,"column":0},"end":{"line":2,"column":39}},"1":{"start":{"line":74,"column":0},"end":{"line":74,"column":null}},"2":{"start":{"line":111,"column":4},"end":{"line":111,"column":null}},"3":{"start":{"line":89,"column":10},"end":{"line":91,"column":9}},"4":{"start":{"line":101,"column":10},"end":{"line":101,"column":40}},"5":{"start":{"line":113,"column":4},"end":{"line":113,"column":30}},"6":{"start":{"line":114,"column":4},"end":{"line":114,"column":27}},"7":{"start":{"line":115,"column":4},"end":{"line":115,"column":33}},"8":{"start":{"line":121,"column":9},"end":{"line":123,"column":null}},"9":{"start":{"line":122,"column":4},"end":{"line":122,"column":22}},"10":{"start":{"line":130,"column":9},"end":{"line":132,"column":null}},"11":{"start":{"line":131,"column":4},"end":{"line":131,"column":40}},"12":{"start":{"line":162,"column":9},"end":{"line":203,"column":null}},"13":{"start":{"line":162,"column":2},"end":{"line":162,"column":9}},"14":{"start":{"line":166,"column":4},"end":{"line":202,"column":7}},"15":{"start":{"line":167,"column":6},"end":{"line":201,"column":null}},"16":{"start":{"line":168,"column":26},"end":{"line":168,"column":46}},"17":{"start":{"line":169,"column":8},"end":{"line":172,"column":null}},"18":{"start":{"line":170,"column":10},"end":{"line":170,"column":68}},"19":{"start":{"line":171,"column":10},"end":{"line":171,"column":17}},"20":{"start":{"line":173,"column":26},"end":{"line":173,"column":42}},"21":{"start":{"line":174,"column":8},"end":{"line":194,"column":null}},"22":{"start":{"line":175,"column":31},"end":{"line":175,"column":56}},"23":{"start":{"line":176,"column":26},"end":{"line":176,"column":67}},"24":{"start":{"line":178,"column":10},"end":{"line":186,"column":null}},"25":{"start":{"line":179,"column":12},"end":{"line":181,"column":37}},"26":{"start":{"line":180,"column":26},"end":{"line":180,"column":36}},"27":{"start":{"line":181,"column":26},"end":{"line":181,"column":36}},"28":{"start":{"line":183,"column":12},"end":{"line":185,"column":14}},"29":{"start":{"line":188,"column":31},"end":{"line":188,"column":56}},"30":{"start":{"line":189,"column":28},"end":{"line":190,"column":null}},"31":{"start":{"line":190,"column":12},"end":{"line":190,"column":null}},"32":{"start":{"line":192,"column":10},"end":{"line":192,"column":46}},"33":{"start":{"line":193,"column":10},"end":{"line":193,"column":20}},"34":{"start":{"line":196,"column":26},"end":{"line":197,"column":null}},"35":{"start":{"line":197,"column":10},"end":{"line":197,"column":null}},"36":{"start":{"line":199,"column":8},"end":{"line":199,"column":47}},"37":{"start":{"line":200,"column":8},"end":{"line":200,"column":18}},"38":{"start":{"line":211,"column":10},"end":{"line":218,"column":null}},"39":{"start":{"line":213,"column":4},"end":{"line":217,"column":null}},"40":{"start":{"line":214,"column":24},"end":{"line":214,"column":34}},"41":{"start":{"line":215,"column":6},"end":{"line":215,"column":29}},"42":{"start":{"line":216,"column":6},"end":{"line":216,"column":68}},"43":{"start":{"line":216,"column":41},"end":{"line":216,"column":67}},"44":{"start":{"line":227,"column":9},"end":{"line":230,"column":null}},"45":{"start":{"line":227,"column":2},"end":{"line":227,"column":9}},"46":{"start":{"line":228,"column":4},"end":{"line":228,"column":34}},"47":{"start":{"line":229,"column":4},"end":{"line":229,"column":44}},"48":{"start":{"line":229,"column":17},"end":{"line":229,"column":44}},"49":{"start":{"line":236,"column":9},"end":{"line":241,"column":null}},"50":{"start":{"line":237,"column":18},"end":{"line":237,"column":50}},"51":{"start":{"line":238,"column":4},"end":{"line":240,"column":null}},"52":{"start":{"line":239,"column":6},"end":{"line":239,"column":38}},"53":{"start":{"line":242,"column":0},"end":{"line":242,"column":null}},"54":{"start":{"line":249,"column":2},"end":{"line":249,"column":53}},"55":{"start":{"line":244,"column":0},"end":{"line":244,"column":16}}},"fnMap":{"0":{"name":"(anonymous_0)","decl":{"start":{"line":74,"column":0},"end":{"line":74,"column":null}},"loc":{"start":{"line":74,"column":0},"end":{"line":242,"column":null}}},"1":{"name":"StoreClass","decl":{"start":{"line":108,"column":2},"end":{"line":108,"column":null}},"loc":{"start":{"line":111,"column":48},"end":{"line":116,"column":3}}},"2":{"name":"(anonymous_2)","decl":{"start":{"line":121,"column":2},"end":{"line":121,"column":9}},"loc":{"start":{"line":121,"column":2},"end":{"line":123,"column":3}}},"3":{"name":"(anonymous_3)","decl":{"start":{"line":130,"column":2},"end":{"line":130,"column":9}},"loc":{"start":{"line":130,"column":67},"end":{"line":132,"column":3}}},"4":{"name":"(anonymous_4)","decl":{"start":{"line":162,"column":2},"end":{"line":162,"column":9}},"loc":{"start":{"line":164,"column":14},"end":{"line":203,"column":3}}},"5":{"name":"(anonymous_5)","decl":{"start":{"line":166,"column":23},"end":{"line":166,"column":24}},"loc":{"start":{"line":166,"column":39},"end":{"line":202,"column":5}}},"6":{"name":"(anonymous_6)","decl":{"start":{"line":180,"column":20},"end":{"line":180,"column":26}},"loc":{"start":{"line":180,"column":20},"end":{"line":180,"column":33}}},"7":{"name":"(anonymous_7)","decl":{"start":{"line":181,"column":21},"end":{"line":181,"column":22}},"loc":{"start":{"line":181,"column":22},"end":{"line":181,"column":32}}},"8":{"name":"(anonymous_8)","decl":{"start":{"line":189,"column":48},"end":{"line":189,"column":58}},"loc":{"start":{"line":189,"column":58},"end":{"line":190,"column":24}}},"9":{"name":"(anonymous_9)","decl":{"start":{"line":196,"column":46},"end":{"line":196,"column":56}},"loc":{"start":{"line":196,"column":56},"end":{"line":197,"column":16}}},"10":{"name":"(anonymous_10)","decl":{"start":{"line":211,"column":2},"end":{"line":211,"column":10}},"loc":{"start":{"line":211,"column":48},"end":{"line":218,"column":3}}},"11":{"name":"(anonymous_11)","decl":{"start":{"line":216,"column":29},"end":{"line":216,"column":37}},"loc":{"start":{"line":216,"column":37},"end":{"line":216,"column":49}}},"12":{"name":"(anonymous_12)","decl":{"start":{"line":227,"column":2},"end":{"line":227,"column":9}},"loc":{"start":{"line":227,"column":40},"end":{"line":230,"column":3}}},"13":{"name":"(anonymous_13)","decl":{"start":{"line":229,"column":11},"end":{"line":229,"column":17}},"loc":{"start":{"line":229,"column":11},"end":{"line":229,"column":21}}},"14":{"name":"(anonymous_14)","decl":{"start":{"line":236,"column":2},"end":{"line":236,"column":9}},"loc":{"start":{"line":236,"column":42},"end":{"line":241,"column":3}}},"15":{"name":"createStore","decl":{"start":{"line":244,"column":16},"end":{"line":244,"column":27}},"loc":{"start":{"line":247,"column":15},"end":{"line":250,"column":1}}}},"branchMap":{"0":{"loc":{"start":{"line":111,"column":4},"end":{"line":111,"column":null}},"type":"if","locations":[{"start":{"line":111,"column":4},"end":{"line":111,"column":null}},{"start":{"line":111,"column":4},"end":{"line":111,"column":null}}]},"1":{"loc":{"start":{"line":167,"column":6},"end":{"line":201,"column":null}},"type":"if","locations":[{"start":{"line":167,"column":6},"end":{"line":201,"column":null}},{"start":{"line":167,"column":6},"end":{"line":201,"column":null}}]},"2":{"loc":{"start":{"line":169,"column":8},"end":{"line":172,"column":null}},"type":"if","locations":[{"start":{"line":169,"column":8},"end":{"line":172,"column":null}},{"start":{"line":169,"column":8},"end":{"line":172,"column":null}}]},"3":{"loc":{"start":{"line":174,"column":8},"end":{"line":194,"column":null}},"type":"if","locations":[{"start":{"line":174,"column":8},"end":{"line":194,"column":null}},{"start":{"line":174,"column":8},"end":{"line":194,"column":null}}]},"4":{"loc":{"start":{"line":178,"column":10},"end":{"line":186,"column":null}},"type":"if","locations":[{"start":{"line":178,"column":10},"end":{"line":186,"column":null}},{"start":{"line":178,"column":10},"end":{"line":186,"column":null}}]},"5":{"loc":{"start":{"line":213,"column":4},"end":{"line":217,"column":null}},"type":"if","locations":[{"start":{"line":213,"column":4},"end":{"line":217,"column":null}},{"start":{"line":213,"column":4},"end":{"line":217,"column":null}}]},"6":{"loc":{"start":{"line":238,"column":4},"end":{"line":240,"column":null}},"type":"if","locations":[{"start":{"line":238,"column":4},"end":{"line":240,"column":null}},{"start":{"line":238,"column":4},"end":{"line":240,"column":null}}]}},"s":{"0":1,"1":1,"2":12,"3":11,"4":11,"5":11,"6":11,"7":11,"8":1,"9":20,"10":1,"11":1,"12":1,"13":30,"14":30,"15":30,"16":27,"17":27,"18":1,"19":1,"20":26,"21":26,"22":5,"23":5,"24":5,"25":4,"26":3,"27":1,"28":1,"29":21,"30":21,"31":21,"32":21,"33":21,"34":3,"35":3,"36":3,"37":3,"38":1,"39":24,"40":22,"41":22,"42":22,"43":8,"44":1,"45":5,"46":5,"47":5,"48":1,"49":1,"50":4,"51":4,"52":2,"53":1,"54":11,"55":1},"f":{"0":1,"1":11,"2":20,"3":1,"4":30,"5":30,"6":3,"7":1,"8":21,"9":3,"10":24,"11":8,"12":5,"13":1,"14":4,"15":11},"b":{"0":[1,10],"1":[27,3],"2":[1,26],"3":[5,21],"4":[4,1],"5":[22,2],"6":[2,2]}}
}
