TN:
SF:/Users/yuanqiu.li/personal/final-state/packages/final-state.tsdx/src/index.ts
FN:74,(anonymous_0)
FN:108,StoreClass
FN:121,(anonymous_2)
FN:130,(anonymous_3)
FN:162,(anonymous_4)
FN:166,(anonymous_5)
FN:180,(anonymous_6)
FN:181,(anonymous_7)
FN:189,(anonymous_8)
FN:196,(anonymous_9)
FN:211,(anonymous_10)
FN:216,(anonymous_11)
FN:227,(anonymous_12)
FN:229,(anonymous_13)
FN:236,(anonymous_14)
FN:244,createStore
FNF:16
FNH:16
FNDA:1,(anonymous_0)
FNDA:11,StoreClass
FNDA:20,(anonymous_2)
FNDA:1,(anonymous_3)
FNDA:30,(anonymous_4)
FNDA:30,(anonymous_5)
FNDA:3,(anonymous_6)
FNDA:1,(anonymous_7)
FNDA:21,(anonymous_8)
FNDA:3,(anonymous_9)
FNDA:24,(anonymous_10)
FNDA:8,(anonymous_11)
FNDA:5,(anonymous_12)
FNDA:1,(anonymous_13)
FNDA:4,(anonymous_14)
FNDA:11,createStore
DA:2,1
DA:74,1
DA:89,11
DA:101,11
DA:111,12
DA:113,11
DA:114,11
DA:115,11
DA:121,1
DA:122,20
DA:130,1
DA:131,1
DA:162,30
DA:166,30
DA:167,30
DA:168,27
DA:169,27
DA:170,1
DA:171,1
DA:173,26
DA:174,26
DA:175,5
DA:176,5
DA:178,5
DA:179,4
DA:180,3
DA:181,1
DA:183,1
DA:188,21
DA:189,21
DA:190,21
DA:192,21
DA:193,21
DA:196,3
DA:197,3
DA:199,3
DA:200,3
DA:211,1
DA:213,24
DA:214,22
DA:215,22
DA:216,22
DA:227,5
DA:228,5
DA:229,5
DA:236,1
DA:237,4
DA:238,4
DA:239,2
DA:242,1
DA:244,1
DA:249,11
LF:52
LH:52
BRDA:111,0,0,1
BRDA:111,0,1,10
BRDA:167,1,0,27
BRDA:167,1,1,3
BRDA:169,2,0,1
BRDA:169,2,1,26
BRDA:174,3,0,5
BRDA:174,3,1,21
BRDA:178,4,0,4
BRDA:178,4,1,1
BRDA:213,5,0,22
BRDA:213,5,1,2
BRDA:238,6,0,2
BRDA:238,6,1,2
BRF:14
BRH:14
end_of_record
